This is pdfTeX, Version 3.141592653-2.6-1.40.24 (MiKTeX 22.7) (preloaded format=pdflatex 2022.9.28)  23 JAN 2023 09:46
entering extended mode
 restricted \write18 enabled.
 %&-line parsing enabled.
**./appunti.tex
(appunti.tex
LaTeX2e <2022-06-01> patch level 5
L3 programming layer <2022-07-04>
(C:\Users\lugio\AppData\Local\Programs\MiKTeX\tex/latex/base\report.cls
Document Class: report 2021/10/04 v1.4n Standard LaTeX document class
(C:\Users\lugio\AppData\Local\Programs\MiKTeX\tex/latex/base\size10.clo
File: size10.clo 2021/10/04 v1.4n Standard LaTeX file (size option)
)
\c@part=\count185
\c@chapter=\count186
\c@section=\count187
\c@subsection=\count188
\c@subsubsection=\count189
\c@paragraph=\count190
\c@subparagraph=\count191
\c@figure=\count192
\c@table=\count193
\abovecaptionskip=\skip47
\belowcaptionskip=\skip48
\bibindent=\dimen138
)
(C:\Users\lugio\AppData\Local\Programs\MiKTeX\tex/latex/graphics\graphicx.sty
Package: graphicx 2021/09/16 v1.2d Enhanced LaTeX Graphics (DPC,SPQR)

(C:\Users\lugio\AppData\Local\Programs\MiKTeX\tex/latex/graphics\keyval.sty
Package: keyval 2022/05/29 v1.15 key=value parser (DPC)
\KV@toks@=\toks16
)
(C:\Users\lugio\AppData\Local\Programs\MiKTeX\tex/latex/graphics\graphics.sty
Package: graphics 2022/03/10 v1.4e Standard LaTeX Graphics (DPC,SPQR)

(C:\Users\lugio\AppData\Local\Programs\MiKTeX\tex/latex/graphics\trig.sty
Package: trig 2021/08/11 v1.11 sin cos tan (DPC)
)
(C:\Users\lugio\AppData\Local\Programs\MiKTeX\tex/latex/graphics-cfg\graphics.c
fg
File: graphics.cfg 2016/06/04 v1.11 sample graphics configuration
)
Package graphics Info: Driver file: pdftex.def on input line 107.

(C:\Users\lugio\AppData\Local\Programs\MiKTeX\tex/latex/graphics-def\pdftex.def
File: pdftex.def 2020/10/05 v1.2a Graphics/color driver for pdftex
))
\Gin@req@height=\dimen139
\Gin@req@width=\dimen140
)
(C:\Users\lugio\AppData\Local\Programs\MiKTeX\tex/latex/amsfonts\amssymb.sty
Package: amssymb 2013/01/14 v3.01 AMS font symbols

(C:\Users\lugio\AppData\Local\Programs\MiKTeX\tex/latex/amsfonts\amsfonts.sty
Package: amsfonts 2013/01/14 v3.01 Basic AMSFonts support
\@emptytoks=\toks17
\symAMSa=\mathgroup4
\symAMSb=\mathgroup5
LaTeX Font Info:    Redeclaring math symbol \hbar on input line 98.
LaTeX Font Info:    Overwriting math alphabet `\mathfrak' in version `bold'
(Font)                  U/euf/m/n --> U/euf/b/n on input line 106.
)) (C:\Users\lugio\AppData\Local\Programs\MiKTeX\tex/latex/amsmath\amsmath.sty
Package: amsmath 2022/04/08 v2.17n AMS math features
\@mathmargin=\skip49

For additional information on amsmath, use the `?' option.
(C:\Users\lugio\AppData\Local\Programs\MiKTeX\tex/latex/amsmath\amstext.sty
Package: amstext 2021/08/26 v2.01 AMS text

(C:\Users\lugio\AppData\Local\Programs\MiKTeX\tex/latex/amsmath\amsgen.sty
File: amsgen.sty 1999/11/30 v2.0 generic functions
\@emptytoks=\toks18
\ex@=\dimen141
))
(C:\Users\lugio\AppData\Local\Programs\MiKTeX\tex/latex/amsmath\amsbsy.sty
Package: amsbsy 1999/11/29 v1.2d Bold Symbols
\pmbraise@=\dimen142
)
(C:\Users\lugio\AppData\Local\Programs\MiKTeX\tex/latex/amsmath\amsopn.sty
Package: amsopn 2022/04/08 v2.04 operator names
)
\inf@bad=\count194
LaTeX Info: Redefining \frac on input line 234.
\uproot@=\count195
\leftroot@=\count196
LaTeX Info: Redefining \overline on input line 399.
LaTeX Info: Redefining \colon on input line 410.
\classnum@=\count197
\DOTSCASE@=\count198
LaTeX Info: Redefining \ldots on input line 496.
LaTeX Info: Redefining \dots on input line 499.
LaTeX Info: Redefining \cdots on input line 620.
\Mathstrutbox@=\box51
\strutbox@=\box52
LaTeX Info: Redefining \big on input line 722.
LaTeX Info: Redefining \Big on input line 723.
LaTeX Info: Redefining \bigg on input line 724.
LaTeX Info: Redefining \Bigg on input line 725.
\big@size=\dimen143
LaTeX Font Info:    Redeclaring font encoding OML on input line 743.
LaTeX Font Info:    Redeclaring font encoding OMS on input line 744.
\macc@depth=\count199
LaTeX Info: Redefining \bmod on input line 905.
LaTeX Info: Redefining \pmod on input line 910.
LaTeX Info: Redefining \smash on input line 940.
LaTeX Info: Redefining \relbar on input line 970.
LaTeX Info: Redefining \Relbar on input line 971.
\c@MaxMatrixCols=\count266
\dotsspace@=\muskip16
\c@parentequation=\count267
\dspbrk@lvl=\count268
\tag@help=\toks19
\row@=\count269
\column@=\count270
\maxfields@=\count271
\andhelp@=\toks20
\eqnshift@=\dimen144
\alignsep@=\dimen145
\tagshift@=\dimen146
\tagwidth@=\dimen147
\totwidth@=\dimen148
\lineht@=\dimen149
\@envbody=\toks21
\multlinegap=\skip50
\multlinetaggap=\skip51
\mathdisplay@stack=\toks22
LaTeX Info: Redefining \[ on input line 2953.
LaTeX Info: Redefining \] on input line 2954.
)
(C:\Users\lugio\AppData\Local\Programs\MiKTeX\tex/latex/float\float.sty
Package: float 2001/11/08 v1.3d Float enhancements (AL)
\c@float@type=\count272
\float@exts=\toks23
\float@box=\box53
\@float@everytoks=\toks24
\@floatcapt=\box54
)
(C:\Users\lugio\AppData\Local\Programs\MiKTeX\tex/latex/l3packages/xparse\xpars
e.sty
(C:\Users\lugio\AppData\Local\Programs\MiKTeX\tex/latex/l3kernel\expl3.sty
Package: expl3 2022-07-04 L3 programming layer (loader) 

(C:\Users\lugio\AppData\Local\Programs\MiKTeX\tex/latex/l3backend\l3backend-pdf
tex.def
File: l3backend-pdftex.def 2022-07-01 L3 backend support: PDF output (pdfTeX)
\l__color_backend_stack_int=\count273
\l__pdf_internal_box=\box55
))
Package: xparse 2022-06-22 L3 Experimental document command parser
) (appunti.aux)
\openout1 = `appunti.aux'.

LaTeX Font Info:    Checking defaults for OML/cmm/m/it on input line 18.
LaTeX Font Info:    ... okay on input line 18.
LaTeX Font Info:    Checking defaults for OMS/cmsy/m/n on input line 18.
LaTeX Font Info:    ... okay on input line 18.
LaTeX Font Info:    Checking defaults for OT1/cmr/m/n on input line 18.
LaTeX Font Info:    ... okay on input line 18.
LaTeX Font Info:    Checking defaults for T1/cmr/m/n on input line 18.
LaTeX Font Info:    ... okay on input line 18.
LaTeX Font Info:    Checking defaults for TS1/cmr/m/n on input line 18.
LaTeX Font Info:    ... okay on input line 18.
LaTeX Font Info:    Checking defaults for OMX/cmex/m/n on input line 18.
LaTeX Font Info:    ... okay on input line 18.
LaTeX Font Info:    Checking defaults for U/cmr/m/n on input line 18.
LaTeX Font Info:    ... okay on input line 18.

(C:\Users\lugio\AppData\Local\Programs\MiKTeX\tex/context/base/mkii\supp-pdf.mk
ii
[Loading MPS to PDF converter (version 2006.09.02).]
\scratchcounter=\count274
\scratchdimen=\dimen150
\scratchbox=\box56
\nofMPsegments=\count275
\nofMParguments=\count276
\everyMPshowfont=\toks25
\MPscratchCnt=\count277
\MPscratchDim=\dimen151
\MPnumerator=\count278
\makeMPintoPDFobject=\count279
\everyMPtoPDFconversion=\toks26
)
(C:\Users\lugio\AppData\Local\Programs\MiKTeX\tex/latex/epstopdf-pkg\epstopdf-b
ase.sty
Package: epstopdf-base 2020-01-24 v2.11 Base part for package epstopdf
Package epstopdf-base Info: Redefining graphics rule for `.eps' on input line 4
85.

(C:\Users\lugio\AppData\Local\Programs\MiKTeX\tex/latex/00miktex\epstopdf-sys.c
fg
File: epstopdf-sys.cfg 2021/03/18 v2.0 Configuration of epstopdf for MiKTeX
))
LaTeX Font Info:    Trying to load font information for U+msa on input line 19.

 (C:\Users\lugio\AppData\Local\Programs\MiKTeX\tex/latex/amsfonts\umsa.fd
File: umsa.fd 2013/01/14 v3.01 AMS symbols A
)
LaTeX Font Info:    Trying to load font information for U+msb on input line 19.


(C:\Users\lugio\AppData\Local\Programs\MiKTeX\tex/latex/amsfonts\umsb.fd
File: umsb.fd 2013/01/14 v3.01 AMS symbols B
)

LaTeX Warning: No \author given.

[1

{C:/Users/lugio/AppData/Local/MiKTeX/fonts/map/pdftex/pdftex.map}]
<retta.png, id=7, 510.90875pt x 381.425pt>
File: retta.png Graphic file (type png)
<use retta.png>
Package pdftex.def Info: retta.png  used on input line 23.
(pdftex.def)             Requested size: 345.0pt x 257.56134pt.
<parabola.jpg, id=8, 1284.8pt x 722.7pt>
File: parabola.jpg Graphic file (type jpg)
<use parabola.jpg>
Package pdftex.def Info: parabola.jpg  used on input line 39.
(pdftex.def)             Requested size: 345.0pt x 194.06194pt.
 [1 <./retta.png>]
Overfull \hbox (7.81335pt too wide) in paragraph at lines 48--48
[]\OT1/cmr/bx/n/10 Dimostrazione della cor-ret-tezza della for-mula riso-lu-tiv
a per le equazioni
 []

[2 <./parabola.jpg>]
Underfull \hbox (badness 10000) in paragraph at lines 69--70

 []


Overfull \hbox (17.97174pt too wide) in paragraph at lines 79--82
\OT1/cmr/m/n/10 Tramite un'applicazione, as-so-cio gli el-e-menti dell'insieme 
A agli el-e-menti dell'insieme
 []

[3] [4]
Overfull \hbox (1.50702pt too wide) in paragraph at lines 181--185
[]\OT1/cmr/m/n/10 f \OT1/cmr/bx/n/10 ini-et-tiva\OT1/cmr/m/n/10 : se, per as-su
rdo, non lo fosse vor-rebbe dire che $\OMS/cmsy/m/n/10 9\OML/cmm/m/it/10 x[]; x
[][]x[] \OMS/cmsy/m/n/10 6\OT1/cmr/m/n/10 =
 []

[5]
Underfull \hbox (badness 10000) in paragraph at lines 204--207

 []

[6]
Underfull \hbox (badness 10000) in paragraph at lines 239--240

 []

[7] [8]
Underfull \hbox (badness 10000) in paragraph at lines 295--296

 []


Overfull \hbox (95.0087pt too wide) detected at line 303
[] \OML/cmm/m/it/10 f [] [] \OMS/cmsy/m/n/10 2 [] \OT1/cmr/m/n/10 =[]\OMS/cmsy/
m/n/10 ) \OML/cmm/m/it/10 x[] \OT1/cmr/m/n/10 = \OML/cmm/m/it/10 m; x[] \OT1/cm
r/m/n/10 = \OML/cmm/m/it/10 M
 []


Overfull \hbox (56.40749pt too wide) detected at line 310
\OT1/cmr/m/n/10 =[]\OMS/cmsy/m/n/10 ) 8\OML/cmm/m/it/10 c \OMS/cmsy/m/n/10 2 []
 9[]\OML/cmm/m/it/10 x \OMS/cmsy/m/n/10 ! \OML/cmm/m/it/10 c[]x \OMS/cmsy/m/n/1
0 ! \OML/cmm/m/it/10 a=b
 []

[9]
Underfull \hbox (badness 10000) in paragraph at lines 332--333

 []


Overfull \hbox (44.68909pt too wide) detected at line 339
\OT1/cmr/m/n/10 =[]\OMS/cmsy/m/n/10 ) 9\OML/cmm/m/it/10 f[] \OT1/cmr/m/n/10 : [
] \OML/cmm/m/it/10 ; f[][] \OMS/cmsy/m/n/10 ([]) \OML/cmm/m/it/10 f[]
 []

[10] [11]
Underfull \hbox (badness 10000) in paragraph at lines 385--389

 []


Underfull \hbox (badness 10000) in paragraph at lines 397--402

 []

[12]
Underfull \hbox (badness 10000) in paragraph at lines 427--428

 []


Underfull \hbox (badness 10000) in paragraph at lines 434--436

 []

[13] [14] [15]
<limiti-notevoli1.jpg, id=72, 597.31155pt x 414.8298pt>
File: limiti-notevoli1.jpg Graphic file (type jpg)
<use limiti-notevoli1.jpg>
Package pdftex.def Info: limiti-notevoli1.jpg  used on input line 502.
(pdftex.def)             Requested size: 690.0pt x 479.247pt.
<limiti-notevoli2.jpg, id=73, 597.31155pt x 216.0873pt>
File: limiti-notevoli2.jpg Graphic file (type jpg)
<use limiti-notevoli2.jpg>
Package pdftex.def Info: limiti-notevoli2.jpg  used on input line 504.
(pdftex.def)             Requested size: 690.0pt x 249.64258pt.

Overfull \hbox (213.52228pt too wide) in paragraph at lines 501--505
 |  [] 
 []


Overfull \hbox (213.52228pt too wide) in paragraph at lines 501--505
 |  [] 
 []

[16 <./limiti-notevoli1.jpg>] [17 <./limiti-notevoli2.jpg>]
<puntoangolos.png, id=80, 589.20125pt x 578.16pt>
File: puntoangolos.png Graphic file (type png)
<use puntoangolos.png>
Package pdftex.def Info: puntoangolos.png  used on input line 522.
(pdftex.def)             Requested size: 137.9948pt x 137.99371pt.
<cuspide.png, id=81, 589.20125pt x 578.16pt>
File: cuspide.png Graphic file (type png)
<use cuspide.png>
Package pdftex.def Info: cuspide.png  used on input line 529.
(pdftex.def)             Requested size: 137.9948pt x 137.99371pt.
 [18 <./puntoangolos.png>]
Underfull \hbox (badness 10000) in paragraph at lines 532--533

 []

<puntoflesso.png, id=87, 589.20125pt x 578.16pt>
File: puntoflesso.png Graphic file (type png)
<use puntoflesso.png>
Package pdftex.def Info: puntoflesso.png  used on input line 536.
(pdftex.def)             Requested size: 137.9948pt x 137.99371pt.
[19 <./cuspide.png> <./puntoflesso.png>]
Underfull \hbox (badness 10000) in paragraph at lines 551--552

 []

[20]
Underfull \hbox (badness 10000) in paragraph at lines 590--591

 []

[21] [22]
Overfull \hbox (10.73009pt too wide) in paragraph at lines 631--634
\OT1/cmr/m/n/10 Dimostriamo ora an-che l'implicazione op-posta con-siderando il
 caso in cui $[]\OML/cmm/m/it/10 f [] \OMS/cmsy/m/n/10 ^^U
 []


Overfull \hbox (54.65715pt too wide) detected at line 638
[]
 []

<dermaxmin.png, id=104, 266.1945pt x 140.9265pt>
File: dermaxmin.png Graphic file (type png)
<use dermaxmin.png>
Package pdftex.def Info: dermaxmin.png  used on input line 644.
(pdftex.def)             Requested size: 113.85213pt x 113.85307pt.
[23 <./dermaxmin.png>]
Overfull \hbox (14.67838pt too wide) detected at line 660
[]
 []


Overfull \hbox (4.23074pt too wide) in paragraph at lines 663--667
\OT1/cmr/m/n/10 Ci for-nisce una misura del \OT1/cmr/bx/n/10 grado di scosta-me
nto del grafico dall'andamento
 []


Underfull \hbox (badness 10000) in paragraph at lines 663--667

 []


Underfull \hbox (badness 10000) in paragraph at lines 675--677

 []


Underfull \hbox (badness 10000) in paragraph at lines 683--685

 []

[24]
Overfull \hbox (47.01625pt too wide) detected at line 690
\OML/cmm/m/it/10 f[] \OMS/cmsy/m/n/10 2 [] \OT1/cmr/m/n/10 =[]\OMS/cmsy/m/n/10 
) \OML/cmm/m/it/10 f[] \OMS/cmsy/m/n/10 2 []  \OT1/cmr/m/n/10 =[]\OMS/cmsy/m/n/
10 ) 
 []


Overfull \hbox (22.33763pt too wide) detected at line 694
\OMS/cmsy/m/n/10 8\OML/cmm/m/it/10 x \OMS/cmsy/m/n/10 2 [] \OML/cmm/m/it/10 ; \
OMS/cmsy/m/n/10 9[]\OML/cmm/m/it/10 f [] [] \OMS/cmsy/m/n/10 2 [] ([]) \OML/cmm
/m/it/10 f[] \OMS/cmsy/m/n/10 2 [] ([]) 9[]\OML/cmm/m/it/10 f [] \OMS/cmsy/m/n/
10 ^^U \OT1/cmr/m/n/10 0
 []


Overfull \hbox (14.4925pt too wide) detected at line 698
\OMS/cmsy/m/n/10 8\OML/cmm/m/it/10 x[] \OMS/cmsy/m/n/10 2 [] \OML/cmm/m/it/10 ;
  \OMS/cmsy/m/n/10 8\OML/cmm/m/it/10 P \OMS/cmsy/m/n/10 2 [][]\OML/cmm/m/it/10 
;  y[] \OMS/cmsy/m/n/10 ^^U \OML/cmm/m/it/10 = \OMS/cmsy/m/n/10 ^^T \OML/cmm/m/
it/10 f [] \OMS/cmsy/m/n/10 8\OML/cmm/m/it/10 x \OMS/cmsy/m/n/10 2 [] ([]) \OML
/cmm/m/it/10 f[]
 []


Underfull \hbox (badness 10000) in paragraph at lines 700--701

 []


Overfull \hbox (32.479pt too wide) detected at line 705
[]
 []


Underfull \hbox (badness 10000) in paragraph at lines 706--707

 []

[25]
<derivate.png, id=118, 631.60968pt x 658.71094pt>
File: derivate.png Graphic file (type png)
<use derivate.png>
Package pdftex.def Info: derivate.png  used on input line 712.
(pdftex.def)             Requested size: 345.0pt x 359.80951pt.
 [26 <./derivate.png>]
Underfull \hbox (badness 10000) in paragraph at lines 740--741

 []

[27]
Underfull \hbox (badness 10000) in paragraph at lines 766--772

 []


Overfull \hbox (1.69508pt too wide) in paragraph at lines 773--775
\OT1/cmr/m/n/10 Tutte le os-ser-vazioni del para-grafo prima ci por-tano alla c
on-clu-sione che vogliamo
 []

[28] [29]
Underfull \hbox (badness 10000) in paragraph at lines 807--812

 []


Overfull \hbox (24.27434pt too wide) detected at line 817
[]
 []


Overfull \hbox (7.16309pt too wide) detected at line 819
\OML/cmm/m/it/10 g [] \OT1/cmr/m/n/10 = \OML/cmm/m/it/10 c; x[] < c  \OT1/cmr/m
/n/10 =[]\OMS/cmsy/m/n/10 )  \OML/cmm/m/it/10 g [] < g []  \OT1/cmr/m/n/10 =[]\
OMS/cmsy/m/n/10 )  \OML/cmm/m/it/10 g [] < c  \OT1/cmr/m/n/10 =[]\OMS/cmsy/m/n/
10 )  \OML/cmm/m/it/10 x[] < c  \OT1/cmr/m/n/10 =[]\OMS/cmsy/m/n/10 )  \OML/cmm
/m/it/10 x[] \OMS/cmsy/m/n/10 ! \OML/cmm/m/it/10 
 []


Overfull \hbox (58.08546pt too wide) detected at line 825
[]
 []

[30]
<taylor.png, id=136, 452.892pt x 437.2335pt>
File: taylor.png Graphic file (type png)
<use taylor.png>
Package pdftex.def Info: taylor.png  used on input line 830.
(pdftex.def)             Requested size: 345.0pt x 333.08148pt.
 [31 <./taylor.png>]
<iperbole.png, id=141, 437.83575pt x 296.90926pt>
File: iperbole.png Graphic file (type png)
<use iperbole.png>
Package pdftex.def Info: iperbole.png  used on input line 839.
(pdftex.def)             Requested size: 113.85063pt x 77.20364pt.
<sinh.png, id=142, 444.4605pt x 328.8285pt>
File: sinh.png Graphic file (type png)
<use sinh.png>
Package pdftex.def Info: sinh.png  used on input line 850.
(pdftex.def)             Requested size: 113.85063pt x 84.22897pt.
<cosh.png, id=143, 450.483pt x 330.033pt>
File: cosh.png Graphic file (type png)
<use cosh.png>
Package pdftex.def Info: cosh.png  used on input line 861.
(pdftex.def)             Requested size: 113.85063pt x 83.40947pt.
 [32 <./iperbole.png> <./sinh.png> <./cosh.png>]
<tanh.png, id=150, 401.0985pt x 309.5565pt>
File: tanh.png Graphic file (type png)
<use tanh.png>
Package pdftex.def Info: tanh.png  used on input line 872.
(pdftex.def)             Requested size: 113.85063pt x 87.86552pt.

[33 <./tanh.png>]
Underfull \hbox (badness 10000) in paragraph at lines 877--879

 []

<polar.png, id=155, 148.75575pt x 122.859pt>
File: polar.png Graphic file (type png)
<use polar.png>
Package pdftex.def Info: polar.png  used on input line 904.
(pdftex.def)             Requested size: 113.85063pt x 94.03368pt.
[34] [35 <./polar.png>] [36] (appunti.aux) ) 
Here is how much of TeX's memory you used:
 2855 strings out of 478338
 43791 string characters out of 2836700
 350354 words of memory out of 3000000
 21255 multiletter control sequences out of 15000+600000
 479043 words of font info for 65 fonts, out of 8000000 for 9000
 1141 hyphenation exceptions out of 8191
 57i,9n,63p,270b,288s stack positions out of 10000i,1000n,20000p,200000b,80000s
 <C:\Users\lugio\AppData\Local\MiKT
eX\fonts/pk/ljfour/jknappen/ec/dpi600\tcrm1000.pk><C:/Users/lugio/AppData/Local
/Programs/MiKTeX/fonts/type1/public/amsfonts/cm/cmbx10.pfb><C:/Users/lugio/AppD
ata/Local/Programs/MiKTeX/fonts/type1/public/amsfonts/cm/cmbx12.pfb><C:/Users/l
ugio/AppData/Local/Programs/MiKTeX/fonts/type1/public/amsfonts/cm/cmbx7.pfb><C:
/Users/lugio/AppData/Local/Programs/MiKTeX/fonts/type1/public/amsfonts/cm/cmbx8
.pfb><C:/Users/lugio/AppData/Local/Programs/MiKTeX/fonts/type1/public/amsfonts/
cm/cmex10.pfb><C:/Users/lugio/AppData/Local/Programs/MiKTeX/fonts/type1/public/
amsfonts/cm/cmmi10.pfb><C:/Users/lugio/AppData/Local/Programs/MiKTeX/fonts/type
1/public/amsfonts/cm/cmmi12.pfb><C:/Users/lugio/AppData/Local/Programs/MiKTeX/f
onts/type1/public/amsfonts/cm/cmmi5.pfb><C:/Users/lugio/AppData/Local/Programs/
MiKTeX/fonts/type1/public/amsfonts/cm/cmmi7.pfb><C:/Users/lugio/AppData/Local/P
rograms/MiKTeX/fonts/type1/public/amsfonts/cm/cmr10.pfb><C:/Users/lugio/AppData
/Local/Programs/MiKTeX/fonts/type1/public/amsfonts/cm/cmr12.pfb><C:/Users/lugio
/AppData/Local/Programs/MiKTeX/fonts/type1/public/amsfonts/cm/cmr17.pfb><C:/Use
rs/lugio/AppData/Local/Programs/MiKTeX/fonts/type1/public/amsfonts/cm/cmr5.pfb>
<C:/Users/lugio/AppData/Local/Programs/MiKTeX/fonts/type1/public/amsfonts/cm/cm
r7.pfb><C:/Users/lugio/AppData/Local/Programs/MiKTeX/fonts/type1/public/amsfont
s/cm/cmr8.pfb><C:/Users/lugio/AppData/Local/Programs/MiKTeX/fonts/type1/public/
amsfonts/cm/cmsy10.pfb><C:/Users/lugio/AppData/Local/Programs/MiKTeX/fonts/type
1/public/amsfonts/cm/cmsy5.pfb><C:/Users/lugio/AppData/Local/Programs/MiKTeX/fo
nts/type1/public/amsfonts/cm/cmsy7.pfb><C:/Users/lugio/AppData/Local/Programs/M
iKTeX/fonts/type1/public/amsfonts/cm/cmti10.pfb><C:/Users/lugio/AppData/Local/P
rograms/MiKTeX/fonts/type1/public/amsfonts/symbols/msbm10.pfb>
Output written on appunti.pdf (37 pages, 1127924 bytes).
PDF statistics:
 256 PDF objects out of 1000 (max. 8388607)
 0 named destinations out of 1000 (max. 500000)
 76 words of extra memory for PDF output out of 10000 (max. 10000000)

