This is pdfTeX, Version 3.141592653-2.6-1.40.24 (MiKTeX 22.7) (preloaded format=pdflatex 2022.9.28)  3 FEB 2023 16:24
entering extended mode
 restricted \write18 enabled.
 %&-line parsing enabled.
**./appunti.tex
(appunti.tex
LaTeX2e <2022-06-01> patch level 5
L3 programming layer <2022-07-04>
(C:\Users\lugio\AppData\Local\Programs\MiKTeX\tex/latex/base\report.cls
Document Class: report 2021/10/04 v1.4n Standard LaTeX document class
(C:\Users\lugio\AppData\Local\Programs\MiKTeX\tex/latex/base\size10.clo
File: size10.clo 2021/10/04 v1.4n Standard LaTeX file (size option)
)
\c@part=\count185
\c@chapter=\count186
\c@section=\count187
\c@subsection=\count188
\c@subsubsection=\count189
\c@paragraph=\count190
\c@subparagraph=\count191
\c@figure=\count192
\c@table=\count193
\abovecaptionskip=\skip47
\belowcaptionskip=\skip48
\bibindent=\dimen138
)
(C:\Users\lugio\AppData\Local\Programs\MiKTeX\tex/latex/float\float.sty
Package: float 2001/11/08 v1.3d Float enhancements (AL)
\c@float@type=\count194
\float@exts=\toks16
\float@box=\box51
\@float@everytoks=\toks17
\@floatcapt=\box52
)
(C:\Users\lugio\AppData\Local\Programs\MiKTeX\tex/latex/amsmath\amsmath.sty
Package: amsmath 2022/04/08 v2.17n AMS math features
\@mathmargin=\skip49

For additional information on amsmath, use the `?' option.
(C:\Users\lugio\AppData\Local\Programs\MiKTeX\tex/latex/amsmath\amstext.sty
Package: amstext 2021/08/26 v2.01 AMS text

(C:\Users\lugio\AppData\Local\Programs\MiKTeX\tex/latex/amsmath\amsgen.sty
File: amsgen.sty 1999/11/30 v2.0 generic functions
\@emptytoks=\toks18
\ex@=\dimen139
))
(C:\Users\lugio\AppData\Local\Programs\MiKTeX\tex/latex/amsmath\amsbsy.sty
Package: amsbsy 1999/11/29 v1.2d Bold Symbols
\pmbraise@=\dimen140
)
(C:\Users\lugio\AppData\Local\Programs\MiKTeX\tex/latex/amsmath\amsopn.sty
Package: amsopn 2022/04/08 v2.04 operator names
)
\inf@bad=\count195
LaTeX Info: Redefining \frac on input line 234.
\uproot@=\count196
\leftroot@=\count197
LaTeX Info: Redefining \overline on input line 399.
LaTeX Info: Redefining \colon on input line 410.
\classnum@=\count198
\DOTSCASE@=\count199
LaTeX Info: Redefining \ldots on input line 496.
LaTeX Info: Redefining \dots on input line 499.
LaTeX Info: Redefining \cdots on input line 620.
\Mathstrutbox@=\box53
\strutbox@=\box54
LaTeX Info: Redefining \big on input line 722.
LaTeX Info: Redefining \Big on input line 723.
LaTeX Info: Redefining \bigg on input line 724.
LaTeX Info: Redefining \Bigg on input line 725.
\big@size=\dimen141
LaTeX Font Info:    Redeclaring font encoding OML on input line 743.
LaTeX Font Info:    Redeclaring font encoding OMS on input line 744.
\macc@depth=\count266
LaTeX Info: Redefining \bmod on input line 905.
LaTeX Info: Redefining \pmod on input line 910.
LaTeX Info: Redefining \smash on input line 940.
LaTeX Info: Redefining \relbar on input line 970.
LaTeX Info: Redefining \Relbar on input line 971.
\c@MaxMatrixCols=\count267
\dotsspace@=\muskip16
\c@parentequation=\count268
\dspbrk@lvl=\count269
\tag@help=\toks19
\row@=\count270
\column@=\count271
\maxfields@=\count272
\andhelp@=\toks20
\eqnshift@=\dimen142
\alignsep@=\dimen143
\tagshift@=\dimen144
\tagwidth@=\dimen145
\totwidth@=\dimen146
\lineht@=\dimen147
\@envbody=\toks21
\multlinegap=\skip50
\multlinetaggap=\skip51
\mathdisplay@stack=\toks22
LaTeX Info: Redefining \[ on input line 2953.
LaTeX Info: Redefining \] on input line 2954.
)
(C:\Users\lugio\AppData\Local\Programs\MiKTeX\tex/latex/amsfonts\amssymb.sty
Package: amssymb 2013/01/14 v3.01 AMS font symbols

(C:\Users\lugio\AppData\Local\Programs\MiKTeX\tex/latex/amsfonts\amsfonts.sty
Package: amsfonts 2013/01/14 v3.01 Basic AMSFonts support
\symAMSa=\mathgroup4
\symAMSb=\mathgroup5
LaTeX Font Info:    Redeclaring math symbol \hbar on input line 98.
LaTeX Font Info:    Overwriting math alphabet `\mathfrak' in version `bold'
(Font)                  U/euf/m/n --> U/euf/b/n on input line 106.
)) (C:\Users\lugio\AppData\Local\Programs\MiKTeX\tex/latex/graphics\graphicx.st
y
Package: graphicx 2021/09/16 v1.2d Enhanced LaTeX Graphics (DPC,SPQR)

(C:\Users\lugio\AppData\Local\Programs\MiKTeX\tex/latex/graphics\keyval.sty
Package: keyval 2022/05/29 v1.15 key=value parser (DPC)
\KV@toks@=\toks23
)
(C:\Users\lugio\AppData\Local\Programs\MiKTeX\tex/latex/graphics\graphics.sty
Package: graphics 2022/03/10 v1.4e Standard LaTeX Graphics (DPC,SPQR)

(C:\Users\lugio\AppData\Local\Programs\MiKTeX\tex/latex/graphics\trig.sty
Package: trig 2021/08/11 v1.11 sin cos tan (DPC)
)
(C:\Users\lugio\AppData\Local\Programs\MiKTeX\tex/latex/graphics-cfg\graphics.c
fg
File: graphics.cfg 2016/06/04 v1.11 sample graphics configuration
)
Package graphics Info: Driver file: pdftex.def on input line 107.

(C:\Users\lugio\AppData\Local\Programs\MiKTeX\tex/latex/graphics-def\pdftex.def
File: pdftex.def 2020/10/05 v1.2a Graphics/color driver for pdftex
))
\Gin@req@height=\dimen148
\Gin@req@width=\dimen149
)
(C:\Users\lugio\AppData\Local\Programs\MiKTeX\tex/latex/l3backend\l3backend-pdf
tex.def
File: l3backend-pdftex.def 2022-07-01 L3 backend support: PDF output (pdfTeX)
\l__color_backend_stack_int=\count273
\l__pdf_internal_box=\box55
) (appunti.aux)
\openout1 = `appunti.aux'.

LaTeX Font Info:    Checking defaults for OML/cmm/m/it on input line 13.
LaTeX Font Info:    ... okay on input line 13.
LaTeX Font Info:    Checking defaults for OMS/cmsy/m/n on input line 13.
LaTeX Font Info:    ... okay on input line 13.
LaTeX Font Info:    Checking defaults for OT1/cmr/m/n on input line 13.
LaTeX Font Info:    ... okay on input line 13.
LaTeX Font Info:    Checking defaults for T1/cmr/m/n on input line 13.
LaTeX Font Info:    ... okay on input line 13.
LaTeX Font Info:    Checking defaults for TS1/cmr/m/n on input line 13.
LaTeX Font Info:    ... okay on input line 13.
LaTeX Font Info:    Checking defaults for OMX/cmex/m/n on input line 13.
LaTeX Font Info:    ... okay on input line 13.
LaTeX Font Info:    Checking defaults for U/cmr/m/n on input line 13.
LaTeX Font Info:    ... okay on input line 13.

(C:\Users\lugio\AppData\Local\Programs\MiKTeX\tex/context/base/mkii\supp-pdf.mk
ii
[Loading MPS to PDF converter (version 2006.09.02).]
\scratchcounter=\count274
\scratchdimen=\dimen150
\scratchbox=\box56
\nofMPsegments=\count275
\nofMParguments=\count276
\everyMPshowfont=\toks24
\MPscratchCnt=\count277
\MPscratchDim=\dimen151
\MPnumerator=\count278
\makeMPintoPDFobject=\count279
\everyMPtoPDFconversion=\toks25
)
(C:\Users\lugio\AppData\Local\Programs\MiKTeX\tex/latex/epstopdf-pkg\epstopdf-b
ase.sty
Package: epstopdf-base 2020-01-24 v2.11 Base part for package epstopdf
Package epstopdf-base Info: Redefining graphics rule for `.eps' on input line 4
85.

(C:\Users\lugio\AppData\Local\Programs\MiKTeX\tex/latex/00miktex\epstopdf-sys.c
fg
File: epstopdf-sys.cfg 2021/03/18 v2.0 Configuration of epstopdf for MiKTeX
))
LaTeX Font Info:    Trying to load font information for U+msa on input line 14.

 (C:\Users\lugio\AppData\Local\Programs\MiKTeX\tex/latex/amsfonts\umsa.fd
File: umsa.fd 2013/01/14 v3.01 AMS symbols A
)
LaTeX Font Info:    Trying to load font information for U+msb on input line 14.


(C:\Users\lugio\AppData\Local\Programs\MiKTeX\tex/latex/amsfonts\umsb.fd
File: umsb.fd 2013/01/14 v3.01 AMS symbols B
)
[1

{C:/Users/lugio/AppData/Local/MiKTeX/fonts/map/pdftex/pdftex.map}]
(appunti.toc [1

])
\tf@toc=\write3
\openout3 = `appunti.toc'.

 [2]
Underfull \hbox (badness 10000) in paragraph at lines 18--22

 []

[3]
Underfull \hbox (badness 10000) in paragraph at lines 48--52

 []


Underfull \hbox (badness 10000) in paragraph at lines 52--65

 []

[4]
Overfull \hbox (36.52708pt too wide) in paragraph at lines 95--107
\OT1/cmr/m/n/10 Possiamo in-oltre no-tare che $[] = #[] = #\OML/cmm/m/it/10 A[]
$\OT1/cmr/m/n/10 . 
 []

[5] [6]
Underfull \hbox (badness 10000) in paragraph at lines 130--132

 []

[7]
Underfull \hbox (badness 10000) in paragraph at lines 155--156

 []


Underfull \hbox (badness 10000) in paragraph at lines 168--169

 []


Underfull \hbox (badness 10000) in paragraph at lines 175--178

 []

[8]
Overfull \hbox (33.41748pt too wide) in paragraph at lines 179--180
\OT1/cmr/m/n/10 La com-po-sizione di 2 fun-zioni ini-et-tive/suriettive/biettiv
e ^^Re ini-et-tiva/suriettiva/biettiva. 
 []

[9] [10]
LaTeX Font Info:    Trying to load font information for OMS+cmr on input line 2
65.
 (C:\Users\lugio\AppData\Local\Programs\MiKTeX\tex/latex/base\omscmr.fd
File: omscmr.fd 2019/12/16 v2.5j Standard LaTeX font definitions
)
LaTeX Font Info:    Font shape `OMS/cmr/m/n' in size <10> not available
(Font)              Font shape `OMS/cmsy/m/n' tried instead on input line 265.
 [11] [12]
Overfull \hbox (4.16637pt too wide) in paragraph at lines 300--307
\OT1/cmr/m/n/10 poich^^Re sap-pi-amo che $#\OT1/cmr/bx/n/10 R \OT1/cmr/m/n/10 =
 # [] =[]\OMS/cmsy/m/n/10 ) []$\OT1/cmr/m/n/10 . 
 []

[13]
<bigrafo.png, id=62, 197.538pt x 136.71075pt>
File: bigrafo.png Graphic file (type png)
<use bigrafo.png>
Package pdftex.def Info: bigrafo.png  used on input line 340.
(pdftex.def)             Requested size: 172.5pt x 119.38588pt.
<digrafo.png, id=64, 205.36725pt x 106.59825pt>
File: digrafo.png Graphic file (type png)
<use digrafo.png>
Package pdftex.def Info: digrafo.png  used on input line 341.
(pdftex.def)             Requested size: 172.5pt x 89.54028pt.

Overfull \hbox (2.22221pt too wide) in paragraph at lines 340--342
[][] [] 
 []

[14 <./bigrafo.png> <./digrafo.png>] [15]
Overfull \hbox (85.70282pt too wide) detected at line 415
\OMS/cmsy/m/n/10 f\OML/cmm/m/it/10 C[] \OMS/cmsy/m/n/10 j \OML/cmm/m/it/10 i \O
MS/cmsy/m/n/10 2 \OML/cmm/m/it/10 I\OMS/cmsy/m/n/10 g[]\OML/cmm/m/it/10 A; R []
 ; [] \OT1/cmr/m/n/10 =[]\OMS/cmsy/m/n/10 ) \OML/cmm/m/it/10 R [] []
 []

[16] [17]
Underfull \hbox (badness 10000) in paragraph at lines 486--487

 []


Overfull \hbox (32.91951pt too wide) detected at line 512
[]
 []

[18] [19]
Overfull \hbox (52.64601pt too wide) detected at line 530
\OMS/cmsy/m/n/10 8\OML/cmm/m/it/10 n \OMS/cmsy/m/n/10 ^^U \OT1/cmr/m/n/10 1\OML
/cmm/m/it/10 ;  A \OT1/cmr/m/n/10 = \OMS/cmsy/m/n/10 f\OML/cmm/m/it/10 a[]; :::
; a[]\OMS/cmsy/m/n/10 g[]\OML/cmm/m/it/10 R [] [] \OT1/cmr/m/n/10 =[]\OMS/cmsy/
m/n/10 ) 9\OML/cmm/m/it/10 S[] \OT1/cmr/m/n/10 = \OMS/cmsy/m/n/10 f\OML/cmm/m/i
t/10 a[]; :::; a[]\OMS/cmsy/m/n/10 g[]
 []


Overfull \hbox (4.36653pt too wide) in paragraph at lines 540--542
[]$\OML/cmm/m/it/10 a[] < a[] \OT1/cmr/m/n/10 =[]\OMS/cmsy/m/n/10 ) \OML/cmm/m/
it/10 S[] \OT1/cmr/m/n/10 = \OMS/cmsy/m/n/10 f\OML/cmm/m/it/10 S[] < a[]\OMS/cm
sy/m/n/10 g \OT1/cmr/m/n/10 =[]\OMS/cmsy/m/n/10 ) \OML/cmm/m/it/10 k < [] \OT1/
cmr/m/n/10 =[]\OMS/cmsy/m/n/10 ) []$ 
 []


Overfull \hbox (84.83897pt too wide) detected at line 546
\OMS/cmsy/m/n/10 8\OML/cmm/m/it/10 k \OMS/cmsy/m/n/10 2 [] \OT1/cmr/m/n/10 =[]\
OMS/cmsy/m/n/10 ) \OML/cmm/m/it/10 a[] > a[] \OT1/cmr/m/n/10 =[]\OMS/cmsy/m/n/1
0 ) 9\OML/cmm/m/it/10 S[] \OT1/cmr/m/n/10 = \OMS/cmsy/m/n/10 f\OML/cmm/m/it/10 
x[] > ::: > x[]\OMS/cmsy/m/n/10 g \OT1/cmr/m/n/10 =[]\OMS/cmsy/m/n/10 ) \OT1/cm
r/m/n/10 #\OML/cmm/m/it/10 S[] \OT1/cmr/m/n/10 = \OML/cmm/m/it/10 n \OT1/cmr/m/
n/10 + 1 =[]\OMS/cmsy/m/n/10 ) []
 []

[20]
Overfull \hbox (87.6401pt too wide) detected at line 566
[]
 []

[21] [22]
Overfull \hbox (41.82889pt too wide) detected at line 640
\OML/cmm/m/it/10 F[]; :::; F[] \OMS/cmsy/m/n/10 j[]\OT1/cmr/m/n/10 = \OML/cmm/m
/it/10 F  \OMS/cmsy/m/n/10 ([])  [] 2 []  ([])  [] 2 []
 []

[23]
Overfull \hbox (55.67325pt too wide) detected at line 669
\OML/cmm/m/it/10 R \OT1/cmr/m/n/10 = \OML/cmm/m/it/10 D \OMS/cmsy/m/n/10 [ \OML
/cmm/m/it/10 E \OMS/cmsy/m/n/10 [ \OML/cmm/m/it/10 F[][] \OT1/cmr/m/n/10 = \OML
/cmm/m/it/10 F[] \OMS/cmsy/m/n/10 ^^B \OML/cmm/m/it/10 D \OMS/cmsy/m/n/10 ^^B \
OML/cmm/m/it/10 E
 []


Underfull \hbox (badness 10000) in paragraph at lines 669--673

 []

[24] (appunti.aux) ) 
Here is how much of TeX's memory you used:
 2712 strings out of 478338
 40588 string characters out of 2836700
 350106 words of memory out of 3000000
 21125 multiletter control sequences out of 15000+600000
 479041 words of font info for 65 fonts, out of 8000000 for 9000
 1141 hyphenation exceptions out of 8191
 55i,13n,62p,273b,283s stack positions out of 10000i,1000n,20000p,200000b,80000s
 <C:\Users\lugio\AppData\Local\MiKTeX\fonts/pk/ljfour/jknap
pen/ec/dpi600\tcrm1000.pk><C:/Users/lugio/AppData/Local/Programs/MiKTeX/fonts/t
ype1/public/amsfonts/cm/cmbx10.pfb><C:/Users/lugio/AppData/Local/Programs/MiKTe
X/fonts/type1/public/amsfonts/cm/cmbx12.pfb><C:/Users/lugio/AppData/Local/Progr
ams/MiKTeX/fonts/type1/public/amsfonts/cm/cmbxti10.pfb><C:/Users/lugio/AppData/
Local/Programs/MiKTeX/fonts/type1/public/amsfonts/cm/cmex10.pfb><C:/Users/lugio
/AppData/Local/Programs/MiKTeX/fonts/type1/public/amsfonts/cm/cmmi10.pfb><C:/Us
ers/lugio/AppData/Local/Programs/MiKTeX/fonts/type1/public/amsfonts/cm/cmmi5.pf
b><C:/Users/lugio/AppData/Local/Programs/MiKTeX/fonts/type1/public/amsfonts/cm/
cmmi7.pfb><C:/Users/lugio/AppData/Local/Programs/MiKTeX/fonts/type1/public/amsf
onts/cm/cmr10.pfb><C:/Users/lugio/AppData/Local/Programs/MiKTeX/fonts/type1/pub
lic/amsfonts/cm/cmr12.pfb><C:/Users/lugio/AppData/Local/Programs/MiKTeX/fonts/t
ype1/public/amsfonts/cm/cmr17.pfb><C:/Users/lugio/AppData/Local/Programs/MiKTeX
/fonts/type1/public/amsfonts/cm/cmr5.pfb><C:/Users/lugio/AppData/Local/Programs
/MiKTeX/fonts/type1/public/amsfonts/cm/cmr7.pfb><C:/Users/lugio/AppData/Local/P
rograms/MiKTeX/fonts/type1/public/amsfonts/cm/cmsy10.pfb><C:/Users/lugio/AppDat
a/Local/Programs/MiKTeX/fonts/type1/public/amsfonts/cm/cmsy5.pfb><C:/Users/lugi
o/AppData/Local/Programs/MiKTeX/fonts/type1/public/amsfonts/cm/cmsy7.pfb><C:/Us
ers/lugio/AppData/Local/Programs/MiKTeX/fonts/type1/public/amsfonts/symbols/msa
m10.pfb><C:/Users/lugio/AppData/Local/Programs/MiKTeX/fonts/type1/public/amsfon
ts/symbols/msbm10.pfb>
Output written on appunti.pdf (25 pages, 307774 bytes).
PDF statistics:
 178 PDF objects out of 1000 (max. 8388607)
 0 named destinations out of 1000 (max. 500000)
 11 words of extra memory for PDF output out of 10000 (max. 10000000)

