This is pdfTeX, Version 3.141592653-2.6-1.40.24 (MiKTeX 22.7) (preloaded format=pdflatex 2022.9.28)  9 NOV 2022 12:00
entering extended mode
 restricted \write18 enabled.
 %&-line parsing enabled.
**./appunti.tex
(appunti.tex
LaTeX2e <2022-06-01> patch level 5
L3 programming layer <2022-07-04>
(C:\Users\lugio\AppData\Local\Programs\MiKTeX\tex/latex/base\report.cls
Document Class: report 2021/10/04 v1.4n Standard LaTeX document class
(C:\Users\lugio\AppData\Local\Programs\MiKTeX\tex/latex/base\size10.clo
File: size10.clo 2021/10/04 v1.4n Standard LaTeX file (size option)
)
\c@part=\count185
\c@chapter=\count186
\c@section=\count187
\c@subsection=\count188
\c@subsubsection=\count189
\c@paragraph=\count190
\c@subparagraph=\count191
\c@figure=\count192
\c@table=\count193
\abovecaptionskip=\skip47
\belowcaptionskip=\skip48
\bibindent=\dimen138
)
(C:\Users\lugio\AppData\Local\Programs\MiKTeX\tex/latex/graphics\graphicx.sty
Package: graphicx 2021/09/16 v1.2d Enhanced LaTeX Graphics (DPC,SPQR)

(C:\Users\lugio\AppData\Local\Programs\MiKTeX\tex/latex/graphics\keyval.sty
Package: keyval 2022/05/29 v1.15 key=value parser (DPC)
\KV@toks@=\toks16
)
(C:\Users\lugio\AppData\Local\Programs\MiKTeX\tex/latex/graphics\graphics.sty
Package: graphics 2022/03/10 v1.4e Standard LaTeX Graphics (DPC,SPQR)

(C:\Users\lugio\AppData\Local\Programs\MiKTeX\tex/latex/graphics\trig.sty
Package: trig 2021/08/11 v1.11 sin cos tan (DPC)
)
(C:\Users\lugio\AppData\Local\Programs\MiKTeX\tex/latex/graphics-cfg\graphics.c
fg
File: graphics.cfg 2016/06/04 v1.11 sample graphics configuration
)
Package graphics Info: Driver file: pdftex.def on input line 107.

(C:\Users\lugio\AppData\Local\Programs\MiKTeX\tex/latex/graphics-def\pdftex.def
File: pdftex.def 2020/10/05 v1.2a Graphics/color driver for pdftex
))
\Gin@req@height=\dimen139
\Gin@req@width=\dimen140
) (C:\Users\lugio\AppData\Local\Programs\MiKTeX\tex/latex/float\float.sty
Package: float 2001/11/08 v1.3d Float enhancements (AL)
\c@float@type=\count194
\float@exts=\toks17
\float@box=\box51
\@float@everytoks=\toks18
\@floatcapt=\box52
)
(C:\Users\lugio\AppData\Local\Programs\MiKTeX\tex/latex/tools\tabularx.sty
Package: tabularx 2020/01/15 v2.11c `tabularx' package (DPC)

(C:\Users\lugio\AppData\Local\Programs\MiKTeX\tex/latex/tools\array.sty
Package: array 2021/10/04 v2.5f Tabular extension package (FMi)
\col@sep=\dimen141
\ar@mcellbox=\box53
\extrarowheight=\dimen142
\NC@list=\toks19
\extratabsurround=\skip49
\backup@length=\skip50
\ar@cellbox=\box54
)
\TX@col@width=\dimen143
\TX@old@table=\dimen144
\TX@old@col=\dimen145
\TX@target=\dimen146
\TX@delta=\dimen147
\TX@cols=\count195
\TX@ftn=\toks20
)
(C:\Users\lugio\AppData\Local\Programs\MiKTeX\tex/latex/ragged2e\ragged2e.sty
Package: ragged2e 2021/12/15 v3.1 ragged2e Package
\CenteringLeftskip=\skip51
\RaggedLeftLeftskip=\skip52
\RaggedRightLeftskip=\skip53
\CenteringRightskip=\skip54
\RaggedLeftRightskip=\skip55
\RaggedRightRightskip=\skip56
\CenteringParfillskip=\skip57
\RaggedLeftParfillskip=\skip58
\RaggedRightParfillskip=\skip59
\JustifyingParfillskip=\skip60
\CenteringParindent=\skip61
\RaggedLeftParindent=\skip62
\RaggedRightParindent=\skip63
\JustifyingParindent=\skip64
)
(C:\Users\lugio\AppData\Local\Programs\MiKTeX\tex/latex/l3backend\l3backend-pdf
tex.def
File: l3backend-pdftex.def 2022-07-01 L3 backend support: PDF output (pdfTeX)
\l__color_backend_stack_int=\count196
\l__pdf_internal_box=\box55
) (appunti.aux)
\openout1 = `appunti.aux'.

LaTeX Font Info:    Checking defaults for OML/cmm/m/it on input line 14.
LaTeX Font Info:    ... okay on input line 14.
LaTeX Font Info:    Checking defaults for OMS/cmsy/m/n on input line 14.
LaTeX Font Info:    ... okay on input line 14.
LaTeX Font Info:    Checking defaults for OT1/cmr/m/n on input line 14.
LaTeX Font Info:    ... okay on input line 14.
LaTeX Font Info:    Checking defaults for T1/cmr/m/n on input line 14.
LaTeX Font Info:    ... okay on input line 14.
LaTeX Font Info:    Checking defaults for TS1/cmr/m/n on input line 14.
LaTeX Font Info:    ... okay on input line 14.
LaTeX Font Info:    Checking defaults for OMX/cmex/m/n on input line 14.
LaTeX Font Info:    ... okay on input line 14.
LaTeX Font Info:    Checking defaults for U/cmr/m/n on input line 14.
LaTeX Font Info:    ... okay on input line 14.

(C:\Users\lugio\AppData\Local\Programs\MiKTeX\tex/context/base/mkii\supp-pdf.mk
ii
[Loading MPS to PDF converter (version 2006.09.02).]
\scratchcounter=\count197
\scratchdimen=\dimen148
\scratchbox=\box56
\nofMPsegments=\count198
\nofMParguments=\count199
\everyMPshowfont=\toks21
\MPscratchCnt=\count266
\MPscratchDim=\dimen149
\MPnumerator=\count267
\makeMPintoPDFobject=\count268
\everyMPtoPDFconversion=\toks22
)
(C:\Users\lugio\AppData\Local\Programs\MiKTeX\tex/latex/epstopdf-pkg\epstopdf-b
ase.sty
Package: epstopdf-base 2020-01-24 v2.11 Base part for package epstopdf
Package epstopdf-base Info: Redefining graphics rule for `.eps' on input line 4
85.

(C:\Users\lugio\AppData\Local\Programs\MiKTeX\tex/latex/00miktex\epstopdf-sys.c
fg
File: epstopdf-sys.cfg 2021/03/18 v2.0 Configuration of epstopdf for MiKTeX
))
LaTeX Font Info:    External font `cmex10' loaded for size
(Font)              <12> on input line 15.
LaTeX Font Info:    External font `cmex10' loaded for size
(Font)              <8> on input line 15.
LaTeX Font Info:    External font `cmex10' loaded for size
(Font)              <6> on input line 15.
 [1

{C:/Users/lugio/AppData/Local/MiKTeX/fonts/map/pdftex/pdftex.map}]
(appunti.toc
LaTeX Font Info:    External font `cmex10' loaded for size
(Font)              <7> on input line 1.
LaTeX Font Info:    External font `cmex10' loaded for size
(Font)              <5> on input line 1.
 [1

] [2])
\tf@toc=\write3
\openout3 = `appunti.toc'.

 [3] [4]
Underfull \hbox (badness 10000) in paragraph at lines 89--95

 []

[5] [6] [7] [8]
<buono.png, id=41, 642.4pt x 111.41624pt>
File: buono.png Graphic file (type png)
<use buono.png>
Package pdftex.def Info: buono.png  used on input line 206.
(pdftex.def)             Requested size: 345.0pt x 59.83745pt.
<cattivo.png, id=43, 385.44pt x 66.84975pt>
File: cattivo.png Graphic file (type png)
<use cattivo.png>
Package pdftex.def Info: cattivo.png  used on input line 210.
(pdftex.def)             Requested size: 345.0pt x 59.83574pt.
 [9 <./buono.png> <./cattivo.png>] [10] [11]
Overfull \hbox (23.02792pt too wide) in paragraph at lines 291--292
[]\OT1/cmr/bx/n/10 Forma min-ima\OT1/cmr/m/n/10 : Forma col mi-nor nu-mero di m
in/maxtermini di un'espressione
 []

Missing character: There is no ° in font cmr7!
Missing character: There is no ° in font cmr7!

LaTeX Warning: Command \textdegree invalid in math mode on input line 328.


LaTeX Warning: Command \textdegree invalid in math mode on input line 328.

Missing character: There is no ° in font cmr7!

LaTeX Warning: Command \textdegree invalid in math mode on input line 328.


LaTeX Warning: Command \textdegree invalid in math mode on input line 328.

Missing character: There is no ° in font cmr7!

Underfull \hbox (badness 10000) in alignment at lines 328--328
[][][] 
 []


Overfull \hbox (91.68578pt too wide) in paragraph at lines 296--332
  | [] 
 []


Underfull \hbox (badness 10000) in paragraph at lines 296--332

 []


Underfull \hbox (badness 10000) in paragraph at lines 296--332

 []

[12]
<k1.png, id=61, 259.56975pt x 158.39175pt>
File: k1.png Graphic file (type png)
<use k1.png>
Package pdftex.def Info: k1.png  used on input line 339.
(pdftex.def)             Requested size: 103.50105pt x 63.15738pt.
<k2.png, id=62, 240.29774pt x 241.50224pt>
File: k2.png Graphic file (type png)
<use k2.png>
Package pdftex.def Info: k2.png  used on input line 340.
(pdftex.def)             Requested size: 103.50105pt x 104.01712pt.
<k3.png, id=63, 552.0625pt x 293.095pt>
File: k3.png Graphic file (type png)
<use k3.png>
Package pdftex.def Info: k3.png  used on input line 341.
(pdftex.def)             Requested size: 103.49461pt x 71.13135pt.
 [13 <./k1.png> <./k2.png> <./k3.png>]
<not.png, id=70, 2569.6pt x 1284.8pt>
File: not.png Graphic file (type png)
<use not.png>
Package pdftex.def Info: not.png  used on input line 368.
(pdftex.def)             Requested size: 56.89209pt x 28.44604pt.
<buffer.png, id=71, 903.375pt x 451.6875pt>
File: buffer.png Graphic file (type png)
<use buffer.png>
Package pdftex.def Info: buffer.png  used on input line 375.
(pdftex.def)             Requested size: 56.90189pt x 28.45094pt.
<and.png, id=72, 319.1925pt x 159.59625pt>
File: and.png Graphic file (type png)
<use and.png>
Package pdftex.def Info: and.png  used on input line 382.
(pdftex.def)             Requested size: 56.9018pt x 28.4509pt.
<or.png, id=73, 1204.5pt x 602.25pt>
File: or.png Graphic file (type png)
<use or.png>
Package pdftex.def Info: or.png  used on input line 389.
(pdftex.def)             Requested size: 56.90189pt x 28.45094pt.
 [14 <./not.png> <./buffer.png> <./and.png> <./or.png>]
<xor.png, id=81, 1204.5pt x 602.25pt>
File: xor.png Graphic file (type png)
<use xor.png>
Package pdftex.def Info: xor.png  used on input line 396.
(pdftex.def)             Requested size: 56.90189pt x 28.45094pt.
<nand.png, id=82, 481.8pt x 201.00093pt>
File: nand.png Graphic file (type png)
<use nand.png>
Package pdftex.def Info: nand.png  used on input line 403.
(pdftex.def)             Requested size: 56.90189pt x 28.45276pt.
<nor.png, id=83, 481.8pt x 201.00093pt>
File: nor.png Graphic file (type png)
<use nor.png>
Package pdftex.def Info: nor.png  used on input line 410.
(pdftex.def)             Requested size: 56.90189pt x 28.45276pt.
<xnor.png, id=84, 963.6pt x 347.04657pt>
File: xnor.png Graphic file (type png)
<use xnor.png>
Package pdftex.def Info: xnor.png  used on input line 417.
(pdftex.def)             Requested size: 56.90189pt x 28.4527pt.
 [15 <./xor.png> <./nand.png> <./nor.png> <./xnor.png>]
<bubblepushing.png, id=92, 375.4025pt x 569.12625pt>
File: bubblepushing.png Graphic file (type png)
<use bubblepushing.png>
Package pdftex.def Info: bubblepushing.png  used on input line 443.
(pdftex.def)             Requested size: 345.0pt x 523.06409pt.

[16]
<completeness.png, id=96, 408.52625pt x 510.90875pt>
File: completeness.png Graphic file (type png)
<use completeness.png>
Package pdftex.def Info: completeness.png  used on input line 450.
(pdftex.def)             Requested size: 345.0pt x 431.48358pt.
 [17 <./bubblepushing.png>] [18 <./completeness.png>]
<tristatebuffer.png, id=105, 146.949pt x 200.54926pt>
File: tristatebuffer.png Graphic file (type png)
<use tristatebuffer.png>
Package pdftex.def Info: tristatebuffer.png  used on input line 480.
(pdftex.def)             Requested size: 345.0pt x 470.8746pt.
 [19] [20 <./tristatebuffer.png>]
<tristatebusses.png, id=113, 381.67593pt x 177.66376pt>
File: tristatebusses.png Graphic file (type png)
<use tristatebusses.png>
Package pdftex.def Info: tristatebusses.png  used on input line 488.
(pdftex.def)             Requested size: 345.0pt x 160.59802pt.
 [21 <./tristatebusses.png>]
<path.jpg, id=117, 493.3632pt x 370.0224pt>
File: path.jpg Graphic file (type jpg)
<use path.jpg>
Package pdftex.def Info: path.jpg  used on input line 525.
(pdftex.def)             Requested size: 345.0pt x 258.75418pt.
 [22 <./path.jpg>]
Underfull \hbox (badness 10000) in paragraph at lines 544--546

 []

<latchsr.png, id=121, 174.6525pt x 134.904pt>
File: latchsr.png Graphic file (type png)
<use latchsr.png>
Package pdftex.def Info: latchsr.png  used on input line 549.
(pdftex.def)             Requested size: 172.50941pt x 113.81467pt.
<latchsr2.png, id=122, 118.64325pt x 181.8795pt>
File: latchsr2.png Graphic file (type png)
<use latchsr2.png>
Package pdftex.def Info: latchsr2.png  used on input line 550.
(pdftex.def)             Requested size: 172.5026pt x 113.81316pt.

Overfull \hbox (2.23422pt too wide) in paragraph at lines 549--551
[][] [] 
 []

<latchd.png, id=123, 469.15276pt x 128.27925pt>
File: latchd.png Graphic file (type png)
<use latchd.png>
Package pdftex.def Info: latchd.png  used on input line 562.
(pdftex.def)             Requested size: 345.01283pt x 113.81583pt.
[23 <./latchsr.png> <./latchsr2.png>]
<flipflopd.png, id=129, 215.6055pt x 145.7445pt>
File: flipflopd.png Graphic file (type png)
<use flipflopd.png>
Package pdftex.def Info: flipflopd.png  used on input line 585.
(pdftex.def)             Requested size: 172.50764pt x 113.81145pt.
<flipflopd2.png, id=130, 90.93974pt x 108.405pt>
File: flipflopd2.png Graphic file (type png)
<use flipflopd2.png>
Package pdftex.def Info: flipflopd2.png  used on input line 586.
(pdftex.def)             Requested size: 172.50279pt x 113.81702pt.

Overfull \hbox (2.23265pt too wide) in paragraph at lines 585--587
[][] [] 
 []

[24 <./latchd.png> <./flipflopd.png> <./flipflopd2.png>]
<flipflope.png, id=138, 263.7855pt x 104.7915pt>
File: flipflope.png Graphic file (type png)
<use flipflope.png>
Package pdftex.def Info: flipflope.png  used on input line 597.
(pdftex.def)             Requested size: 231.14984pt x 113.81273pt.
<flipflope2.png, id=139, 141.52875pt x 159.59625pt>
File: flipflope2.png Graphic file (type png)
<use flipflope2.png>
Package pdftex.def Info: flipflope2.png  used on input line 598.
(pdftex.def)             Requested size: 113.85373pt x 113.8109pt.

Underfull \hbox (badness 10000) in paragraph at lines 597--599
[][]
 []


Underfull \hbox (badness 10000) in paragraph at lines 614--615

 []

[25 <./flipflope.png> <./flipflope2.png>]
<flipflopr.jpg, id=145, 2245.38875pt x 1006.76125pt>
File: flipflopr.jpg Graphic file (type jpg)
<use flipflopr.jpg>
Package pdftex.def Info: flipflopr.jpg  used on input line 617.
(pdftex.def)             Requested size: 172.47404pt x 113.8011pt.
<flipflopr2.png, id=146, 134.30174pt x 133.09724pt>
File: flipflopr2.png Graphic file (type png)
<use flipflopr2.png>
Package pdftex.def Info: flipflopr2.png  used on input line 618.
(pdftex.def)             Requested size: 172.50401pt x 113.81352pt.

Overfull \hbox (2.20027pt too wide) in paragraph at lines 617--619
[][] [] 
 []


Underfull \hbox (badness 10000) in paragraph at lines 625--626

 []

<flipflops.jpg, id=147, 2717.15125pt x 1118.1775pt>
File: flipflops.jpg Graphic file (type jpg)
<use flipflops.jpg>
Package pdftex.def Info: flipflops.jpg  used on input line 628.
(pdftex.def)             Requested size: 172.47499pt x 113.80348pt.
<flipflops2.png, id=148, 116.8365pt x 121.05225pt>
File: flipflops2.png Graphic file (type png)
<use flipflops2.png>
Package pdftex.def Info: flipflops2.png  used on input line 629.
(pdftex.def)             Requested size: 172.51062pt x 113.81497pt.

Overfull \hbox (2.20782pt too wide) in paragraph at lines 628--630
[][] [] 
 []

<registri.png, id=149, 518.53725pt x 393.8715pt>
File: registri.png Graphic file (type png)
<use registri.png>
Package pdftex.def Info: registri.png  used on input line 640.
(pdftex.def)             Requested size: 345.0pt x 262.05347pt.
[26 <./flipflopr.jpg> <./flipflopr2.png> <./flipflops.jpg> <./flipflops2.png>]
[27 <./registri.png>]
<moorefsm.png, id=159, 395.67825pt x 82.50826pt>
File: moorefsm.png Graphic file (type png)
<use moorefsm.png>
Package pdftex.def Info: moorefsm.png  used on input line 662.
(pdftex.def)             Requested size: 345.01613pt x 85.35835pt.
<mealyfsm.png, id=160, 384.83775pt x 88.53075pt>
File: mealyfsm.png Graphic file (type png)
<use mealyfsm.png>
Package pdftex.def Info: mealyfsm.png  used on input line 670.
(pdftex.def)             Requested size: 345.01779pt x 85.36406pt.

Overfull \hbox (7.44513pt too wide) in paragraph at lines 678--680
[]\OT1/cmr/m/n/10 Nodi: rap-p-re-sen-tano lo stato, all'interno con-tengono i v
al-ori dell'output
 []

[28 <./moorefsm.png> <./mealyfsm.png>]
<fsmd.png, id=167, 357.7365pt x 334.24875pt>
File: fsmd.png Graphic file (type png)
<use fsmd.png>
Package pdftex.def Info: fsmd.png  used on input line 715.
(pdftex.def)             Requested size: 345.01158pt x 142.26549pt.
 [29]
Underfull \hbox (badness 10000) in paragraph at lines 718--719

 []

[30 <./fsmd.png>]
Underfull \hbox (badness 10000) in paragraph at lines 809--810

 []

[31]
Underfull \hbox (badness 10000) in paragraph at lines 814--815

 []

<fsmc.png, id=179, 662.475pt x 299.9205pt>
File: fsmc.png Graphic file (type png)
<use fsmc.png>
Package pdftex.def Info: fsmc.png  used on input line 817.
(pdftex.def)             Requested size: 344.99442pt x 142.26692pt.

Underfull \hbox (badness 10000) in paragraph at lines 820--821

 []

<fsmt.png, id=180, 656.4525pt x 246.32025pt>
File: fsmt.png Graphic file (type png)
<use fsmt.png>
Package pdftex.def Info: fsmt.png  used on input line 823.
(pdftex.def)             Requested size: 345.00333pt x 142.26447pt.
[32 <./fsmc.png> <./fsmt.png>] (appunti.aux) ) 
Here is how much of TeX's memory you used:
 1871 strings out of 478338
 31614 string characters out of 2836700
 338465 words of memory out of 3000000
 20286 multiletter control sequences out of 15000+600000
 474455 words of font info for 45 fonts, out of 8000000 for 9000
 1141 hyphenation exceptions out of 8191
 55i,10n,62p,204b,290s stack positions out of 10000i,1000n,20000p,200000b,80000s
 <C:\Users\lugio\AppData\Local\Mi
KTeX\fonts/pk/ljfour/jknappen/ec/dpi600\tcrm1000.pk><C:/Users/lugio/AppData/Loc
al/Programs/MiKTeX/fonts/type1/public/amsfonts/cm/cmbx10.pfb><C:/Users/lugio/Ap
pData/Local/Programs/MiKTeX/fonts/type1/public/amsfonts/cm/cmbx12.pfb><C:/Users
/lugio/AppData/Local/Programs/MiKTeX/fonts/type1/public/amsfonts/cm/cmex10.pfb>
<C:/Users/lugio/AppData/Local/Programs/MiKTeX/fonts/type1/public/amsfonts/cm/cm
mi10.pfb><C:/Users/lugio/AppData/Local/Programs/MiKTeX/fonts/type1/public/amsfo
nts/cm/cmmi5.pfb><C:/Users/lugio/AppData/Local/Programs/MiKTeX/fonts/type1/publ
ic/amsfonts/cm/cmmi7.pfb><C:/Users/lugio/AppData/Local/Programs/MiKTeX/fonts/ty
pe1/public/amsfonts/cm/cmr10.pfb><C:/Users/lugio/AppData/Local/Programs/MiKTeX/
fonts/type1/public/amsfonts/cm/cmr12.pfb><C:/Users/lugio/AppData/Local/Programs
/MiKTeX/fonts/type1/public/amsfonts/cm/cmr17.pfb><C:/Users/lugio/AppData/Local/
Programs/MiKTeX/fonts/type1/public/amsfonts/cm/cmr7.pfb><C:/Users/lugio/AppData
/Local/Programs/MiKTeX/fonts/type1/public/amsfonts/cm/cmsy10.pfb><C:/Users/lugi
o/AppData/Local/Programs/MiKTeX/fonts/type1/public/amsfonts/cm/cmsy5.pfb><C:/Us
ers/lugio/AppData/Local/Programs/MiKTeX/fonts/type1/public/amsfonts/cm/cmsy7.pf
b>
Output written on appunti.pdf (33 pages, 2605832 bytes).
PDF statistics:
 244 PDF objects out of 1000 (max. 8388607)
 0 named destinations out of 1000 (max. 500000)
 176 words of extra memory for PDF output out of 10000 (max. 10000000)

