\BOOKMARK [0][-]{chapter.1}{\376\377\000P\000r\000o\000p\000o\000s\000i\000t\000i\000o\000n\000a\000l\000\040\000L\000o\000g\000i\000c}{}% 1
\BOOKMARK [1][-]{section.1.1}{\376\377\000I\000n\000t\000r\000o\000d\000u\000c\000t\000i\000o\000n}{chapter.1}% 2
\BOOKMARK [2][-]{subsection.1.1.1}{\376\377\000P\000r\000o\000p\000o\000s\000i\000t\000i\000o\000n\000s\000\040\000a\000n\000d\000\040\000p\000r\000e\000d\000i\000c\000a\000t\000e\000s}{section.1.1}% 3
\BOOKMARK [2][-]{subsection.1.1.2}{\376\377\000A\000x\000i\000o\000m\000s}{section.1.1}% 4
\BOOKMARK [2][-]{subsection.1.1.3}{\376\377\000T\000h\000e\000o\000r\000e\000m\000s\000,\000\040\000C\000o\000r\000o\000l\000l\000a\000r\000i\000e\000s\000,\000\040\000L\000e\000m\000m\000a\000s\000\040\000a\000n\000d\000\040\000C\000o\000n\000j\000e\000c\000t\000u\000r\000e\000s}{section.1.1}% 5
\BOOKMARK [2][-]{subsection.1.1.4}{\376\377\000B\000o\000o\000l\000e\000a\000n\000\040\000v\000a\000r\000i\000a\000b\000l\000e\000s\000\040\000a\000n\000d\000\040\000a\000s\000s\000i\000g\000n\000m\000e\000n\000t\000s}{section.1.1}% 6
\BOOKMARK [1][-]{section.1.2}{\376\377\000N\000o\000t\000a\000t\000i\000o\000n}{chapter.1}% 7
\BOOKMARK [2][-]{subsection.1.2.1}{\376\377\000N\000O\000T}{section.1.2}% 8
\BOOKMARK [2][-]{subsection.1.2.2}{\376\377\000O\000R}{section.1.2}% 9
\BOOKMARK [2][-]{subsection.1.2.3}{\376\377\000A\000N\000D}{section.1.2}% 10
\BOOKMARK [2][-]{subsection.1.2.4}{\376\377\000I\000M\000P\000L\000I\000E\000S}{section.1.2}% 11
\BOOKMARK [2][-]{subsection.1.2.5}{\376\377\000I\000F\000\040\000A\000N\000D\000\040\000O\000N\000L\000Y\000\040\000I\000F}{section.1.2}% 12
\BOOKMARK [2][-]{subsection.1.2.6}{\376\377\000S\000A\000T\000,\000\040\000U\000N\000S\000A\000T\000\040\000e\000\040\000T\000A\000U\000T}{section.1.2}% 13
\BOOKMARK [2][-]{subsection.1.2.7}{\376\377\000B\000o\000o\000l\000e\000a\000n\000\040\000A\000l\000g\000e\000b\000r\000a\000\040\000a\000n\000d\000\040\000L\000o\000g\000i\000c}{section.1.2}% 14
\BOOKMARK [2][-]{subsection.1.2.8}{\376\377\000C\000N\000F\000\040\000a\000n\000d\000\040\000D\000N\000F}{section.1.2}% 15
\BOOKMARK [1][-]{section.1.3}{\376\377\000D\000e\000t\000e\000r\000m\000i\000n\000e\000\040\000i\000f\000\040\000P\000\040\000\040\000S\000A\000T}{chapter.1}% 16
\BOOKMARK [2][-]{subsection.1.3.1}{\376\377\000T\000h\000e\000\040\000P\000\040\000=\000\040\000N\000P\000\040\000p\000r\000o\000b\000l\000e\000m}{section.1.3}% 17
\BOOKMARK [2][-]{subsection.1.3.2}{\376\377\000T\000h\000e\000\040\000r\000e\000s\000o\000l\000u\000t\000i\000o\000n\000\040\000m\000e\000t\000h\000o\000d}{section.1.3}% 18
\BOOKMARK [0][-]{chapter.2}{\376\377\000P\000r\000o\000o\000f\000s}{}% 19
\BOOKMARK [1][-]{section.2.1}{\376\377\000I\000n\000f\000e\000r\000e\000n\000c\000e\000\040\000r\000u\000l\000e\000s}{chapter.2}% 20
\BOOKMARK [1][-]{section.2.2}{\376\377\000H\000o\000w\000\040\000t\000o\000:\000\040\000p\000r\000o\000v\000e\000\040\000a\000n\000\040\000i\000m\000p\000l\000i\000c\000a\000t\000i\000o\000n}{chapter.2}% 21
\BOOKMARK [1][-]{section.2.3}{\376\377\000H\000o\000w\000\040\000t\000o\000:\000\040\000p\000r\000o\000v\000e\000\040\000a\000n\000\040\000i\000f\000f}{chapter.2}% 22
\BOOKMARK [1][-]{section.2.4}{\376\377\000P\000r\000o\000o\000f\000\040\000b\000y\000\040\000c\000a\000s\000e\000s}{chapter.2}% 23
\BOOKMARK [1][-]{section.2.5}{\376\377\000P\000r\000o\000o\000f\000\040\000b\000y\000\040\000c\000o\000n\000t\000r\000a\000d\000i\000c\000t\000i\000o\000n}{chapter.2}% 24
\BOOKMARK [1][-]{section.2.6}{\376\377\000H\000o\000w\000\040\000t\000o\000:\000\040\000w\000r\000i\000t\000e\000\040\000a\000\040\000g\000o\000o\000d\000\040\000p\000r\000o\000o\000f}{chapter.2}% 25
\BOOKMARK [1][-]{section.2.7}{\376\377\000W\000e\000l\000l\000-\000o\000r\000d\000e\000r\000i\000n\000g\000\040\000p\000r\000i\000n\000c\000i\000p\000l\000e\000\040\000a\000n\000d\000\040\000I\000n\000d\000u\000c\000t\000i\000o\000n}{chapter.2}% 26
\BOOKMARK [2][-]{subsection.2.7.1}{\376\377\000W\000e\000l\000l\000-\000o\000r\000d\000e\000r\000i\000n\000g\000\040\000p\000r\000i\000n\000c\000i\000p\000l\000e}{section.2.7}% 27
\BOOKMARK [2][-]{subsection.2.7.2}{\376\377\000I\000n\000d\000u\000c\000t\000i\000o\000n}{section.2.7}% 28
